<?xml version="1.0" encoding="UTF-8"?>
<testsuite name="com.jcoinche.server.CardTest" tests="1" skipped="0" failures="0" errors="0" timestamp="2017-10-22T21:29:15" hostname="gogo-HP-EliteBook-840-G2" time="0.01">
  <properties/>
  <testcase name="getnbPoints" classname="com.jcoinche.server.CardTest" time="0.01"/>
  <system-out><![CDATA[]]></system-out>
  <system-err><![CDATA[]]></system-err>
</testsuite>
